d:\project\mme-2023\mme-2023\debug\vc143.pdb
d:\project\mme-2023\mme-2023\debug\vc143.idb
d:\project\mme-2023\mme-2023\debug\parm.obj
d:\project\mme-2023\mme-2023\debug\out.obj
d:\project\mme-2023\mme-2023\debug\mfst.obj
d:\project\mme-2023\mme-2023\debug\main.obj
d:\project\mme-2023\mme-2023\debug\lt.obj
d:\project\mme-2023\mme-2023\debug\log.obj
d:\project\mme-2023\mme-2023\debug\lexanalysis.obj
d:\project\mme-2023\mme-2023\debug\it.obj
d:\project\mme-2023\mme-2023\debug\in.obj
d:\project\mme-2023\mme-2023\debug\grb.obj
d:\project\mme-2023\mme-2023\debug\fst.obj
d:\project\mme-2023\mme-2023\debug\error.obj
d:\project\mme-2023\mme-2023\debug\polishnotation.obj
d:\project\mme-2023\debug\mme-2023.exe
d:\project\mme-2023\mme-2023\debug\mme-2023.ilk
d:\project\mme-2023\debug\mme-2023.pdb
d:\project\mme-2023\mme-2023\debug\mme-2023.tlog\cl.command.1.tlog
d:\project\mme-2023\mme-2023\debug\mme-2023.tlog\cl.read.1.tlog
d:\project\mme-2023\mme-2023\debug\mme-2023.tlog\cl.write.1.tlog
d:\project\mme-2023\mme-2023\debug\mme-2023.tlog\link.command.1.tlog
d:\project\mme-2023\mme-2023\debug\mme-2023.tlog\link.read.1.tlog
d:\project\mme-2023\mme-2023\debug\mme-2023.tlog\link.write.1.tlog
